# JRE version: OpenJDK Runtime Environment Temurin-17.0.8.1+1 (17.0.8.1+1) (build 17.0.8.1+1)
# Java VM: OpenJDK 64-Bit Server VM Temurin-17.0.8.1+1 (17.0.8.1+1, mixed mode, tiered, compressed oops, compressed class ptrs, g1 gc, windows-amd64)
GC Precious Log:
 CPUs: 12 total, 12 available
 Memory: 15607M
 Large Page Support: Disabled
 NUMA Support: Disabled
 Compressed Oops: Enabled (Zero based)
 Heap Region Size: 2M
 Heap Min Capacity: 8M
 Heap Initial Capacity: 244M
 Heap Max Capacity: 3902M
 Pre-touch: Disabled
 Parallel Workers: 10
 Concurrent Workers: 3
 Concurrent Refinement Workers: 10
 Periodic GC: Disabled
Heap:
 garbage-first heap   total 184320K, used 91844K [0x000000070c200000, 0x0000000800000000)
  region size 2048K, 5 young (10240K), 4 survivors (8192K)
 Metaspace       used 79094K, committed 79936K, reserved 1179648K
  class space    used 9115K, committed 9472K, reserved 1048576K
GC Heap History (20 events):
Event: 8.598 GC heap before
{Heap before GC invocations=16 (full 0):
 garbage-first heap   total 155648K, used 136253K [0x000000070c200000, 0x0000000800000000)
  region size 2048K, 35 young (71680K), 1 survivors (2048K)
 Metaspace       used 63690K, committed 64576K, reserved 1114112K
  class space    used 7375K, committed 7808K, reserved 1048576K
}
Event: 8.602 GC heap after
{Heap after GC invocations=17 (full 0):
 garbage-first heap   total 155648K, used 76911K [0x000000070c200000, 0x0000000800000000)
  region size 2048K, 5 young (10240K), 5 survivors (10240K)
 Metaspace       used 63690K, committed 64576K, reserved 1114112K
  class space    used 7375K, committed 7808K, reserved 1048576K
}
Event: 8.621 GC heap before
{Heap before GC invocations=17 (full 0):
 garbage-first heap   total 155648K, used 81007K [0x000000070c200000, 0x0000000800000000)
  region size 2048K, 8 young (16384K), 5 survivors (10240K)
 Metaspace       used 63691K, committed 64576K, reserved 1114112K
  class space    used 7375K, committed 7808K, reserved 1048576K
}
Event: 8.624 GC heap after
{Heap after GC invocations=18 (full 0):
 garbage-first heap   total 155648K, used 76550K [0x000000070c200000, 0x0000000800000000)
  region size 2048K, 1 young (2048K), 1 survivors (2048K)
 Metaspace       used 63691K, committed 64576K, reserved 1114112K
  class space    used 7375K, committed 7808K, reserved 1048576K
}
Event: 8.642 GC heap before
{Heap before GC invocations=19 (full 0):
 garbage-first heap   total 155648K, used 84742K [0x000000070c200000, 0x0000000800000000)
  region size 2048K, 4 young (8192K), 1 survivors (2048K)
 Metaspace       used 63691K, committed 64576K, reserved 1114112K
  class space    used 7375K, committed 7808K, reserved 1048576K
}
Event: 8.642 GC heap after
{Heap after GC invocations=20 (full 0):
 garbage-first heap   total 155648K, used 80271K [0x000000070c200000, 0x0000000800000000)
  region size 2048K, 1 young (2048K), 1 survivors (2048K)
 Metaspace       used 63691K, committed 64576K, reserved 1114112K
  class space    used 7375K, committed 7808K, reserved 1048576K
}
Event: 10.551 GC heap before
{Heap before GC invocations=21 (full 0):
 garbage-first heap   total 155648K, used 125327K [0x000000070c200000, 0x0000000800000000)
  region size 2048K, 22 young (45056K), 1 survivors (2048K)
 Metaspace       used 67662K, committed 68544K, reserved 1114112K
  class space    used 7835K, committed 8256K, reserved 1048576K
}
Event: 10.554 GC heap after
{Heap after GC invocations=22 (full 0):
 garbage-first heap   total 155648K, used 87223K [0x000000070c200000, 0x0000000800000000)
  region size 2048K, 2 young (4096K), 2 survivors (4096K)
 Metaspace       used 67662K, committed 68544K, reserved 1114112K
  class space    used 7835K, committed 8256K, reserved 1048576K
}
Event: 10.593 GC heap before
{Heap before GC invocations=22 (full 0):
 garbage-first heap   total 155648K, used 124087K [0x000000070c200000, 0x0000000800000000)
  region size 2048K, 21 young (43008K), 2 survivors (4096K)
 Metaspace       used 67664K, committed 68544K, reserved 1114112K
  class space    used 7835K, committed 8256K, reserved 1048576K
}
Event: 10.594 GC heap after
{Heap after GC invocations=23 (full 0):
 garbage-first heap   total 155648K, used 87327K [0x000000070c200000, 0x0000000800000000)
  region size 2048K, 2 young (4096K), 2 survivors (4096K)
 Metaspace       used 67664K, committed 68544K, reserved 1114112K
  class space    used 7835K, committed 8256K, reserved 1048576K
}
Event: 10.642 GC heap before
{Heap before GC invocations=24 (full 0):
 garbage-first heap   total 163840K, used 126239K [0x000000070c200000, 0x0000000800000000)
  region size 2048K, 22 young (45056K), 2 survivors (4096K)
 Metaspace       used 67671K, committed 68544K, reserved 1114112K
  class space    used 7835K, committed 8256K, reserved 1048576K
}
Event: 10.643 GC heap after
{Heap after GC invocations=25 (full 0):
 garbage-first heap   total 163840K, used 87389K [0x000000070c200000, 0x0000000800000000)
  region size 2048K, 2 young (4096K), 2 survivors (4096K)
 Metaspace       used 67671K, committed 68544K, reserved 1114112K
  class space    used 7835K, committed 8256K, reserved 1048576K
}
Event: 10.675 GC heap before
{Heap before GC invocations=25 (full 0):
 garbage-first heap   total 163840K, used 134493K [0x000000070c200000, 0x0000000800000000)
  region size 2048K, 26 young (53248K), 2 survivors (4096K)
 Metaspace       used 67672K, committed 68544K, reserved 1114112K
  class space    used 7835K, committed 8256K, reserved 1048576K
}
Event: 10.677 GC heap after
{Heap after GC invocations=26 (full 0):
 garbage-first heap   total 163840K, used 87448K [0x000000070c200000, 0x0000000800000000)
  region size 2048K, 2 young (4096K), 2 survivors (4096K)
 Metaspace       used 67672K, committed 68544K, reserved 1114112K
  class space    used 7835K, committed 8256K, reserved 1048576K
}
Event: 10.719 GC heap before
{Heap before GC invocations=27 (full 0):
 garbage-first heap   total 184320K, used 136600K [0x000000070c200000, 0x0000000800000000)
  region size 2048K, 27 young (55296K), 2 survivors (4096K)
 Metaspace       used 67684K, committed 68544K, reserved 1114112K
  class space    used 7835K, committed 8256K, reserved 1048576K
}
Event: 10.721 GC heap after
{Heap after GC invocations=28 (full 0):
 garbage-first heap   total 184320K, used 87462K [0x000000070c200000, 0x0000000800000000)
  region size 2048K, 2 young (4096K), 2 survivors (4096K)
 Metaspace       used 67684K, committed 68544K, reserved 1114112K
  class space    used 7835K, committed 8256K, reserved 1048576K
}
Event: 10.767 GC heap before
{Heap before GC invocations=28 (full 0):
 garbage-first heap   total 184320K, used 155046K [0x000000070c200000, 0x0000000800000000)
  region size 2048K, 36 young (73728K), 2 survivors (4096K)
 Metaspace       used 67684K, committed 68544K, reserved 1114112K
  class space    used 7835K, committed 8256K, reserved 1048576K
}
Event: 10.769 GC heap after
{Heap after GC invocations=29 (full 0):
 garbage-first heap   total 184320K, used 87403K [0x000000070c200000, 0x0000000800000000)
  region size 2048K, 2 young (4096K), 2 survivors (4096K)
 Metaspace       used 67684K, committed 68544K, reserved 1114112K
  class space    used 7835K, committed 8256K, reserved 1048576K
}
Event: 13.903 GC heap before
{Heap before GC invocations=30 (full 0):
 garbage-first heap   total 184320K, used 154987K [0x000000070c200000, 0x0000000800000000)
  region size 2048K, 36 young (73728K), 2 survivors (4096K)
 Metaspace       used 79036K, committed 79872K, reserved 1179648K
  class space    used 9110K, committed 9472K, reserved 1048576K
}
Event: 13.906 GC heap after
{Heap after GC invocations=31 (full 0):
 garbage-first heap   total 184320K, used 91844K [0x000000070c200000, 0x0000000800000000)
  region size 2048K, 4 young (8192K), 4 survivors (8192K)
 Metaspace       used 79036K, committed 79872K, reserved 1179648K
  class space    used 9110K, committed 9472K, reserved 1048576K
}

